MERLIN 1.1.2 - (c) 2000-2007 Goncalo Abecasis

References for this version of Merlin:

   Abecasis et al (2002) Nat Gen 30:97-101        [original citation]
   Fingerlin et al (2004) AJHG 74:432-43          [case selection for association studies]
   Abecasis and Wigginton (2005) AJHG 77:754-67   [ld modeling, parametric analyses]
   Fingerlin et al (2006) Gen Epidemiol 30:384-96 [sex-specific maps]
   Chen and Abecasis (2007) AJHG 81:913-26        [qtl association analysis, qtl simulation]


The following parameters are in effect:
                     Data File : Updated_Kintelligence.dat (-dname)
                 Pedigree File :      B_C_HS.ped (-pname)
            Missing Value Code :         -99.999 (-xname)
                      Map File : Updated_Kintelligence_Map_noX.map (-mname)
            Allele Frequencies : Kintelligence_British_10000.freq (-f[a|e|f|m|file])
                   Random Seed :          123456 (-r9999)

Data Analysis Options
         General : --error, --information, --likelihood [ON],
                   --model [param.tbl]
      IBD States : --ibd, --kinship, --matrices, --extended, --select
     NPL Linkage : --npl, --pairs, --qtl, --deviates, --exp
      VC Linkage : --vc, --useCovariates, --ascertainment, --unlinked [0.00]
     Association : --infer, --assoc, --fastAssoc, --filter, --custom [cov.tbl]
     Haplotyping : --best, --sample, --all, --founders, --horizontal
   Recombination : --zero, --one, --two, --three, --singlepoint
       Positions : --steps, --maxStep, --minStep, --grid, --start, --stop
     LD Clusters : --clusters [], --distance, --rsq, --cfreq
          Limits : --bits [24], --megabytes, --minutes
     Performance : --trim, --noCoupleBits, --swap, --smallSwap
          Output : --quiet, --markerNames [ON], --frequencies, --perFamily,
                   --pdf, --tabulate, --prefix [merlin]
      Simulation : --simulate, --reruns, --save, --trait []


Analysing Chromosome 1


lnLikelihood for 1 families (0 skipped) = -1618.332


Analysing Chromosome 2


lnLikelihood for 1 families (0 skipped) = -1528.753


Analysing Chromosome 3


lnLikelihood for 1 families (0 skipped) = -1297.185


Analysing Chromosome 4


lnLikelihood for 1 families (0 skipped) = -1193.884


Analysing Chromosome 5


lnLikelihood for 1 families (0 skipped) = -1201.373


Analysing Chromosome 6


lnLikelihood for 1 families (0 skipped) = -1187.714


Analysing Chromosome 7


lnLikelihood for 1 families (0 skipped) = -1082.661


Analysing Chromosome 8


lnLikelihood for 1 families (0 skipped) = -954.775


Analysing Chromosome 9


lnLikelihood for 1 families (0 skipped) = -916.062


Analysing Chromosome 10


lnLikelihood for 1 families (0 skipped) = -1013.177


Analysing Chromosome 11


lnLikelihood for 1 families (0 skipped) = -943.766


Analysing Chromosome 12


lnLikelihood for 1 families (0 skipped) = -1014.203


Analysing Chromosome 13


lnLikelihood for 1 families (0 skipped) = -739.745


Analysing Chromosome 14


lnLikelihood for 1 families (0 skipped) = -701.478


Analysing Chromosome 15


lnLikelihood for 1 families (0 skipped) = -649.394


Analysing Chromosome 16


lnLikelihood for 1 families (0 skipped) = -711.776


Analysing Chromosome 17


lnLikelihood for 1 families (0 skipped) = -673.680


Analysing Chromosome 18


lnLikelihood for 1 families (0 skipped) = -686.461


Analysing Chromosome 19


lnLikelihood for 1 families (0 skipped) = -533.017


Analysing Chromosome 20


lnLikelihood for 1 families (0 skipped) = -594.409


Analysing Chromosome 21


lnLikelihood for 1 families (0 skipped) = -373.746


Analysing Chromosome 22


lnLikelihood for 1 families (0 skipped) = -359.632



