MERLIN 1.1.2 - (c) 2000-2007 Goncalo Abecasis

References for this version of Merlin:

   Abecasis et al (2002) Nat Gen 30:97-101        [original citation]
   Fingerlin et al (2004) AJHG 74:432-43          [case selection for association studies]
   Abecasis and Wigginton (2005) AJHG 77:754-67   [ld modeling, parametric analyses]
   Fingerlin et al (2006) Gen Epidemiol 30:384-96 [sex-specific maps]
   Chen and Abecasis (2007) AJHG 81:913-26        [qtl association analysis, qtl simulation]


The following parameters are in effect:
                     Data File : Updated_Kintelligence.dat (-dname)
                 Pedigree File :      C_D_HS.ped (-pname)
            Missing Value Code :         -99.999 (-xname)
                      Map File : Updated_Kintelligence_Map_noX.map (-mname)
            Allele Frequencies : Kintelligence_British_10000.freq (-f[a|e|f|m|file])
                   Random Seed :          123456 (-r9999)

Data Analysis Options
         General : --error, --information, --likelihood [ON],
                   --model [param.tbl]
      IBD States : --ibd, --kinship, --matrices, --extended, --select
     NPL Linkage : --npl, --pairs, --qtl, --deviates, --exp
      VC Linkage : --vc, --useCovariates, --ascertainment, --unlinked [0.00]
     Association : --infer, --assoc, --fastAssoc, --filter, --custom [cov.tbl]
     Haplotyping : --best, --sample, --all, --founders, --horizontal
   Recombination : --zero, --one, --two, --three, --singlepoint
       Positions : --steps, --maxStep, --minStep, --grid, --start, --stop
     LD Clusters : --clusters [], --distance, --rsq, --cfreq
          Limits : --bits [24], --megabytes, --minutes
     Performance : --trim, --noCoupleBits, --swap, --smallSwap
          Output : --quiet, --markerNames [ON], --frequencies, --perFamily,
                   --pdf, --tabulate, --prefix [merlin]
      Simulation : --simulate, --reruns, --save, --trait []


Analysing Chromosome 1


lnLikelihood for 1 families (0 skipped) = -1626.331


Analysing Chromosome 2


lnLikelihood for 1 families (0 skipped) = -1542.516


Analysing Chromosome 3


lnLikelihood for 1 families (0 skipped) = -1325.668


Analysing Chromosome 4


lnLikelihood for 1 families (0 skipped) = -1225.107


Analysing Chromosome 5


lnLikelihood for 1 families (0 skipped) = -1204.027


Analysing Chromosome 6


lnLikelihood for 1 families (0 skipped) = -1189.722


Analysing Chromosome 7


lnLikelihood for 1 families (0 skipped) = -1076.670


Analysing Chromosome 8


lnLikelihood for 1 families (0 skipped) = -955.374


Analysing Chromosome 9


lnLikelihood for 1 families (0 skipped) = -943.837


Analysing Chromosome 10


lnLikelihood for 1 families (0 skipped) = -1022.327


Analysing Chromosome 11


lnLikelihood for 1 families (0 skipped) = -932.918


Analysing Chromosome 12


lnLikelihood for 1 families (0 skipped) = -1011.138


Analysing Chromosome 13


lnLikelihood for 1 families (0 skipped) = -735.160


Analysing Chromosome 14


lnLikelihood for 1 families (0 skipped) = -695.409


Analysing Chromosome 15


lnLikelihood for 1 families (0 skipped) = -697.928


Analysing Chromosome 16


lnLikelihood for 1 families (0 skipped) = -722.864


Analysing Chromosome 17


lnLikelihood for 1 families (0 skipped) = -722.750


Analysing Chromosome 18


lnLikelihood for 1 families (0 skipped) = -697.690


Analysing Chromosome 19


lnLikelihood for 1 families (0 skipped) = -544.721


Analysing Chromosome 20


lnLikelihood for 1 families (0 skipped) = -601.382


Analysing Chromosome 21


lnLikelihood for 1 families (0 skipped) = -365.326


Analysing Chromosome 22


lnLikelihood for 1 families (0 skipped) = -371.948



